#
# A fatal error has been detected by the Java Runtime Environment:
#
#  SIGSEGV (0xb) at pc=0x0000000109446d7c, pid=83222, tid=18183
#
# JRE version: Java(TM) SE Runtime Environment (8.0_73-b02) (build 1.8.0_73-b02)
# Java VM: Java HotSpot(TM) 64-Bit Server VM (25.73-b02 mixed mode bsd-amd64 compressed oops)
# Problematic frame:
# V  [libjvm.dylib+0x446d7c]  Method::checked_resolve_jmethod_id(_jmethodID*)+0xe
#
# Failed to write core dump. Core dumps have been disabled. To enable core dumping, try "ulimit -c unlimited" before starting Java again
#
# If you would like to submit a bug report, please visit:
#   http://bugreport.java.com/bugreport/crash.jsp
#

---------------  T H R E A D  ---------------

Current thread (0x00007fd8dc00a000):  JavaThread "JDWP Transport Listener: dt_socket" daemon [_thread_in_vm, id=18183, stack(0x00007000026d1000,0x00007000027d1000)]

siginfo: si_signo: 11 (SIGSEGV), si_code: 0 (unknown), si_addr: 0x0000000000000000

Registers:
RAX=0x0000000000000001, RBX=0x00007000027d0aab, RCX=0x0000000109815340, RDX=0x00007000027d0aab
RSP=0x00007000027d09f0, RBP=0x00007000027d0a00, RSI=0x00007fd8dc00a000, RDI=0x00053b00003b6500
R8 =0x0000000000000001, R9 =0x0000000000000000, R10=0x0000000000000002, R11=0x0000000000000002
R12=0x00007fd8dc00a000, R13=0x00053b00003b6500, R14=0x00053b00003b6500, R15=0x00007fd8da508a70
RIP=0x0000000109446d7c, EFLAGS=0x0000000000010206, ERR=0x0000000000000000
  TRAPNO=0x000000000000000d

Top of Stack: (sp=0x00007000027d09f0)
0x00007000027d09f0:   00007000027d0aab 00007000027d0aab
0x00007000027d0a00:   00007000027d0a60 0000000109355dda
0x00007000027d0a10:   00007fd8dc00a000 0000000000000000
0x00007000027d0a20:   0000000000000000 0000000000000000
0x00007000027d0a30:   00007fd8dc00a000 00007fd8dc00a000
0x00007000027d0a40:   00007000027d0aab 00007000027d0ab0
0x00007000027d0a50:   00053b00003b6500 0000000000000009
0x00007000027d0a60:   00007000027d0a80 0000000109fad780
0x00007000027d0a70:   0000000000000001 00007000027d0b28
0x00007000027d0a80:   00007000027d0af0 0000000109f921f3
0x00007000027d0a90:   00007000027d0ac0 00007fd8da42d8b0
0x00007000027d0aa0:   0000000a00000032 00000009007d0b28
0x00007000027d0ab0:   0000000000000000 0000000000000000
0x00007000027d0ac0:   0000000000000000 00007000027d0cb0
0x00007000027d0ad0:   0000000109fb4e7a 00007fd8dcabbce0
0x00007000027d0ae0:   00007000027d0b28 0000000109fc0598
0x00007000027d0af0:   00007000027d0b00 0000000109f922ec
0x00007000027d0b00:   00007000027d0d20 0000000109f9b898
0x00007000027d0b10:   00002abb00000013 00000000000f0200
0x00007000027d0b20:   00007fd8dca05c70 00007fd8e1567832
0x00007000027d0b30:   00007fd8000000d6 00007fd8e15b5500
0x00007000027d0b40:   00007fd80000012c 00007000027d0b78
0x00007000027d0b50:   00007fd8e15b5500 0000000000000000
0x00007000027d0b60:   00002abb0000001c 0000000000000080
0x00007000027d0b70:   00007000027d0b78 d87f00000a000000
0x00007000027d0b80:   08000000b07350e1 3e74696e696c633c
0x00007000027d0b90:   0056292803000000 0008000000000000
0x00007000027d0ba0:   00a87350e1d87f00 74696e693c060000
0x00007000027d0bb0:   562928030000003e 0100000000000000
0x00007000027d0bc0:   b87350e1d87f0000 616572630f000000
0x00007000027d0bd0:   7463657269446574 281500000079726f
0x00007000027d0be0:   616c2f6176616a4c 6e697274532f676e 

Instructions: (pc=0x0000000109446d7c)
0x0000000109446d5c:   40 48 48 85 c0 75 e0 30 c0 0f b6 c0 5d c3 31 c0
0x0000000109446d6c:   5d c3 55 48 89 e5 53 48 83 ec 08 48 85 ff 74 24
0x0000000109446d7c:   48 8b 1f 48 85 db 74 1c 48 83 fb 37 74 16 48 8b
0x0000000109446d8c:   03 48 89 df ff 50 10 84 c0 b8 00 00 00 00 48 0f 

Register to memory mapping:

RAX=0x0000000000000001 is an unknown value
RBX=0x00007000027d0aab is pointing into the stack for thread: 0x00007fd8dc00a000
RCX=0x0000000109815340: UseMembar+0 in /Library/Java/JavaVirtualMachines/jdk1.8.0_73.jdk/Contents/Home/jre/lib/server/libjvm.dylib at 0x0000000109000000
RDX=0x00007000027d0aab is pointing into the stack for thread: 0x00007fd8dc00a000
RSP=0x00007000027d09f0 is pointing into the stack for thread: 0x00007fd8dc00a000
RBP=0x00007000027d0a00 is pointing into the stack for thread: 0x00007fd8dc00a000
RSI=0x00007fd8dc00a000 is a thread
RDI=0x00053b00003b6500 is an unknown value
R8 =0x0000000000000001 is an unknown value
R9 =0x0000000000000000 is an unknown value
R10=0x0000000000000002 is an unknown value
R11=0x0000000000000002 is an unknown value
R12=0x00007fd8dc00a000 is a thread
R13=0x00053b00003b6500 is an unknown value
R14=0x00053b00003b6500 is an unknown value
R15=0x00007fd8da508a70 is an unknown value


Stack: [0x00007000026d1000,0x00007000027d1000],  sp=0x00007000027d09f0,  free space=1022k
Native frames: (J=compiled Java code, j=interpreted, Vv=VM code, C=native code)
V  [libjvm.dylib+0x446d7c]  Method::checked_resolve_jmethod_id(_jmethodID*)+0xe
V  [libjvm.dylib+0x355dda]  jvmti_IsMethodSynthetic+0xb2
C  [libjdwp.dylib+0x20780]  isMethodSynthetic+0x63
C  [libjdwp.dylib+0x51f3]  methods1+0x10b
C  [libjdwp.dylib+0x52ec]  methodsWithGeneric+0xe
C  [libjdwp.dylib+0xe898]  debugLoop_run+0x1ce
C  [libjdwp.dylib+0x1f6ba]  attachThread+0x4d
V  [libjvm.dylib+0x397138]  JvmtiAgentThread::call_start_function()+0x38
V  [libjvm.dylib+0x561753]  JavaThread::thread_main_inner()+0x9b
V  [libjvm.dylib+0x562e4e]  JavaThread::run()+0x1c2
V  [libjvm.dylib+0x4838a2]  java_start(Thread*)+0xf6
C  [libsystem_pthread.dylib+0x32eb]  _pthread_body+0x7e
C  [libsystem_pthread.dylib+0x6249]  _pthread_start+0x42
C  [libsystem_pthread.dylib+0x240d]  thread_start+0xd
C  0x0000000000000000


---------------  P R O C E S S  ---------------

Java Threads: ( => current thread )
  0x00007fd8e2291000 JavaThread "PREAG-Worker-3" daemon [_thread_blocked, id=44147, stack(0x0000700003c19000,0x0000700003d19000)]
  0x00007fd8e38bc000 JavaThread "PREAG-Worker-2" daemon [_thread_blocked, id=69895, stack(0x0000700003fa5000,0x00007000040a5000)]
  0x00007fd8e2220800 JavaThread "PREAG-Worker-1" daemon [_thread_blocked, id=57351, stack(0x0000700003d9f000,0x0000700003e9f000)]
  0x00007fd8dae42800 JavaThread "pool-5-thread-1" [_thread_blocked, id=27459, stack(0x0000700003b16000,0x0000700003c16000)]
  0x00007fd8dda3f800 JavaThread "pool-4-thread-1" [_thread_blocked, id=81415, stack(0x0000700003687000,0x0000700003787000)]
  0x00007fd8dc6f7800 JavaThread "pool-3-thread-1" [_thread_blocked, id=37655, stack(0x0000700003a13000,0x0000700003b13000)]
  0x00007fd8dae62000 JavaThread "mysql-cj-abandoned-connection-cleanup" daemon [_thread_blocked, id=3847, stack(0x00007000033fe000,0x00007000034fe000)]
  0x00007fd8dc443800 JavaThread "Prism Font Disposer" daemon [_thread_blocked, id=50947, stack(0x000070000378a000,0x000070000388a000)]
  0x00007fd8dc6f2000 JavaThread "Disposer" daemon [_thread_blocked, id=49667, stack(0x0000700003584000,0x0000700003684000)]
  0x00007fd8daf67800 JavaThread "JavaFX-Launcher" [_thread_blocked, id=48387, stack(0x00007000032fb000,0x00007000033fb000)]
  0x00007fd8dbe5a000 JavaThread "Thread-3" daemon [_thread_in_native, id=34307, stack(0x0000700003172000,0x00007000031f2000)]
  0x00007fd8dbc79000 JavaThread "JavaFX Application Thread" [_thread_in_native, id=775, stack(0x00007ffee6ca4000,0x00007ffee74a4000)]
  0x00007fd8dad29000 JavaThread "Thread-1" daemon [_thread_blocked, id=40203, stack(0x0000700002fec000,0x00007000030ec000)]
  0x00007fd8da9de000 JavaThread "QuantumRenderer-0" daemon [_thread_blocked, id=16387, stack(0x0000700002ee9000,0x0000700002fe9000)]
  0x00007fd8db197000 JavaThread "Service Thread" daemon [_thread_blocked, id=17155, stack(0x0000700002ce3000,0x0000700002de3000)]
  0x00007fd8db980000 JavaThread "C1 CompilerThread2" daemon [_thread_blocked, id=14851, stack(0x0000700002be0000,0x0000700002ce0000)]
  0x00007fd8db97f800 JavaThread "C2 CompilerThread1" daemon [_thread_blocked, id=14595, stack(0x0000700002add000,0x0000700002bdd000)]
  0x00007fd8db832000 JavaThread "C2 CompilerThread0" daemon [_thread_blocked, id=17667, stack(0x00007000029da000,0x0000700002ada000)]
  0x00007fd8da861800 JavaThread "JDWP Command Reader" daemon [_thread_in_native, id=13827, stack(0x00007000028d7000,0x00007000029d7000)]
  0x00007fd8dc00a800 JavaThread "JDWP Event Helper Thread" daemon [_thread_blocked, id=13315, stack(0x00007000027d4000,0x00007000028d4000)]
=>0x00007fd8dc00a000 JavaThread "JDWP Transport Listener: dt_socket" daemon [_thread_in_vm, id=18183, stack(0x00007000026d1000,0x00007000027d1000)]
  0x00007fd8dc009000 JavaThread "Signal Dispatcher" daemon [_thread_blocked, id=12803, stack(0x00007000025ce000,0x00007000026ce000)]
  0x00007fd8da83c800 JavaThread "Finalizer" daemon [_thread_blocked, id=12035, stack(0x00007000024cb000,0x00007000025cb000)]
  0x00007fd8dc007000 JavaThread "Reference Handler" daemon [_thread_blocked, id=20739, stack(0x00007000023c8000,0x00007000024c8000)]
  0x00007fd8db805000 JavaThread "main" [_thread_blocked, id=9475, stack(0x0000700001db6000,0x0000700001eb6000)]

Other Threads:
  0x00007fd8da834000 VMThread [stack: 0x00007000022c5000,0x00007000023c5000] [id=21251]
  0x00007fd8db1f2800 WatcherThread [stack: 0x0000700002de6000,0x0000700002ee6000] [id=16899]

VM state:not at safepoint (normal execution)

VM Mutex/Monitor currently owned by a thread: None

Heap:
 PSYoungGen      total 445952K, used 89036K [0x000000076ab00000, 0x000000078af00000, 0x00000007c0000000)
  eden space 430080K, 17% used [0x000000076ab00000,0x000000076f2eda80,0x0000000784f00000)
  from space 15872K, 96% used [0x0000000789f80000,0x000000078ae857e0,0x000000078af00000)
  to   space 19968K, 0% used [0x0000000788800000,0x0000000788800000,0x0000000789b80000)
 ParOldGen       total 207872K, used 110440K [0x00000006c0000000, 0x00000006ccb00000, 0x000000076ab00000)
  object space 207872K, 53% used [0x00000006c0000000,0x00000006c6bda058,0x00000006ccb00000)
 Metaspace       used 50755K, capacity 52486K, committed 52608K, reserved 1093632K
  class space    used 7109K, capacity 7452K, committed 7552K, reserved 1048576K

Card table byte_map: [0x000000010a41a000,0x000000010ac1b000] byte_map_base: 0x0000000106e1a000

Marking Bits: (ParMarkBitMap*) 0x00000001098e3ea0
 Begin Bits: [0x000000011d5f2000, 0x00000001215f2000)
 End Bits:   [0x00000001215f2000, 0x00000001255f2000)

Polling page: 0x00000001087d4000

CodeCache: size=245760Kb used=17940Kb max_used=18161Kb free=227819Kb
 bounds [0x000000010e5f2000, 0x000000010f7d2000, 0x000000011d5f2000]
 total_blobs=6286 nmethods=5376 adapters=829
 compilation: enabled

Compilation events (10 events):
Event: 141.499 Thread 0x00007fd8db97f800 6032       4       javafx.scene.web.WebEngine$PulseTimer$$Lambda$77/1582040079::pulse (4 bytes)
Event: 141.499 Thread 0x00007fd8db832000 6033  s    4       com.sun.webkit.Timer::notifyTick (29 bytes)
Event: 141.509 Thread 0x00007fd8db832000 nmethod 6033 0x000000010ead4fd0 code [0x000000010ead5160, 0x000000010ead5938]
Event: 141.510 Thread 0x00007fd8db97f800 nmethod 6032 0x000000010f0da890 code [0x000000010f0daa40, 0x000000010f0db458]
Event: 159.290 Thread 0x00007fd8db832000 6034       4       java.util.Collections::rotate1 (98 bytes)
Event: 159.296 Thread 0x00007fd8db832000 nmethod 6034 0x000000010e9a7110 code [0x000000010e9a72a0, 0x000000010e9a76b8]
Event: 170.996 Thread 0x00007fd8db97f800 6035       4       java.util.concurrent.locks.LockSupport::unpark (12 bytes)
Event: 170.997 Thread 0x00007fd8db97f800 nmethod 6035 0x000000010edd2890 code [0x000000010edd29e0, 0x000000010edd2a68]
Event: 178.296 Thread 0x00007fd8db832000 6036       4       com.sun.javafx.scene.control.skin.ProgressIndicatorSkin$IndeterminateSpinner::shiftColors (81 bytes)
Event: 178.315 Thread 0x00007fd8db832000 nmethod 6036 0x000000010f7bfe10 code [0x000000010f7c00a0, 0x000000010f7c0f98]

GC Heap History (10 events):
Event: 8.029 GC heap before
{Heap before GC invocations=6 (full 0):
 PSYoungGen      total 141824K, used 135796K [0x000000076ab00000, 0x000000077cc00000, 0x00000007c0000000)
  eden space 131072K, 99% used [0x000000076ab00000,0x00000007729f7050,0x0000000772b00000)
  from space 10752K, 53% used [0x0000000772b00000,0x00000007730a6050,0x0000000773580000)
  to   space 16896K, 0% used [0x000000077bb80000,0x000000077bb80000,0x000000077cc00000)
 ParOldGen       total 175104K, used 65793K [0x00000006c0000000, 0x00000006cab00000, 0x000000076ab00000)
  object space 175104K, 37% used [0x00000006c0000000,0x00000006c40406d0,0x00000006cab00000)
 Metaspace       used 20450K, capacity 21194K, committed 21296K, reserved 1067008K
  class space    used 2821K, capacity 3016K, committed 3072K, reserved 1048576K
Event: 8.065 GC heap after
Heap after GC invocations=6 (full 0):
 PSYoungGen      total 278016K, used 6432K [0x000000076ab00000, 0x000000077cb00000, 0x00000007c0000000)
  eden space 262144K, 0% used [0x000000076ab00000,0x000000076ab00000,0x000000077ab00000)
  from space 15872K, 40% used [0x000000077bb80000,0x000000077c1c8050,0x000000077cb00000)
  to   space 16384K, 0% used [0x000000077ab00000,0x000000077ab00000,0x000000077bb00000)
 ParOldGen       total 175104K, used 109410K [0x00000006c0000000, 0x00000006cab00000, 0x000000076ab00000)
  object space 175104K, 62% used [0x00000006c0000000,0x00000006c6ad8930,0x00000006cab00000)
 Metaspace       used 20450K, capacity 21194K, committed 21296K, reserved 1067008K
  class space    used 2821K, capacity 3016K, committed 3072K, reserved 1048576K
}
Event: 8.065 GC heap before
{Heap before GC invocations=7 (full 1):
 PSYoungGen      total 278016K, used 6432K [0x000000076ab00000, 0x000000077cb00000, 0x00000007c0000000)
  eden space 262144K, 0% used [0x000000076ab00000,0x000000076ab00000,0x000000077ab00000)
  from space 15872K, 40% used [0x000000077bb80000,0x000000077c1c8050,0x000000077cb00000)
  to   space 16384K, 0% used [0x000000077ab00000,0x000000077ab00000,0x000000077bb00000)
 ParOldGen       total 175104K, used 109410K [0x00000006c0000000, 0x00000006cab00000, 0x000000076ab00000)
  object space 175104K, 62% used [0x00000006c0000000,0x00000006c6ad8930,0x00000006cab00000)
 Metaspace       used 20450K, capacity 21194K, committed 21296K, reserved 1067008K
  class space    used 2821K, capacity 3016K, committed 3072K, reserved 1048576K
Event: 8.109 GC heap after
Heap after GC invocations=7 (full 1):
 PSYoungGen      total 278016K, used 0K [0x000000076ab00000, 0x000000077cb00000, 0x00000007c0000000)
  eden space 262144K, 0% used [0x000000076ab00000,0x000000076ab00000,0x000000077ab00000)
  from space 15872K, 0% used [0x000000077bb80000,0x000000077bb80000,0x000000077cb00000)
  to   space 16384K, 0% used [0x000000077ab00000,0x000000077ab00000,0x000000077bb00000)
 ParOldGen       total 173568K, used 52960K [0x00000006c0000000, 0x00000006ca980000, 0x000000076ab00000)
  object space 173568K, 30% used [0x00000006c0000000,0x00000006c33b8120,0x00000006ca980000)
 Metaspace       used 20450K, capacity 21194K, committed 21296K, reserved 1067008K
  class space    used 2821K, capacity 3016K, committed 3072K, reserved 1048576K
}
Event: 11.135 GC heap before
{Heap before GC invocations=8 (full 1):
 PSYoungGen      total 278016K, used 226610K [0x000000076ab00000, 0x000000077cb00000, 0x00000007c0000000)
  eden space 262144K, 86% used [0x000000076ab00000,0x000000077884c828,0x000000077ab00000)
  from space 15872K, 0% used [0x000000077bb80000,0x000000077bb80000,0x000000077cb00000)
  to   space 16384K, 0% used [0x000000077ab00000,0x000000077ab00000,0x000000077bb00000)
 ParOldGen       total 173568K, used 52960K [0x00000006c0000000, 0x00000006ca980000, 0x000000076ab00000)
  object space 173568K, 30% used [0x00000006c0000000,0x00000006c33b8120,0x00000006ca980000)
 Metaspace       used 34287K, capacity 35256K, committed 35496K, reserved 1079296K
  class space    used 4808K, capacity 5049K, committed 5120K, reserved 1048576K
Event: 11.152 GC heap after
Heap after GC invocations=8 (full 1):
 PSYoungGen      total 278528K, used 14883K [0x000000076ab00000, 0x000000078b180000, 0x00000007c0000000)
  eden space 262144K, 0% used [0x000000076ab00000,0x000000076ab00000,0x000000077ab00000)
  from space 16384K, 90% used [0x000000077ab00000,0x000000077b988c48,0x000000077bb00000)
  to   space 18432K, 0% used [0x0000000789f80000,0x0000000789f80000,0x000000078b180000)
 ParOldGen       total 173568K, used 53032K [0x00000006c0000000, 0x00000006ca980000, 0x000000076ab00000)
  object space 173568K, 30% used [0x00000006c0000000,0x00000006c33ca130,0x00000006ca980000)
 Metaspace       used 34287K, capacity 35256K, committed 35496K, reserved 1079296K
  class space    used 4808K, capacity 5049K, committed 5120K, reserved 1048576K
}
Event: 11.153 GC heap before
{Heap before GC invocations=9 (full 2):
 PSYoungGen      total 278528K, used 14883K [0x000000076ab00000, 0x000000078b180000, 0x00000007c0000000)
  eden space 262144K, 0% used [0x000000076ab00000,0x000000076ab00000,0x000000077ab00000)
  from space 16384K, 90% used [0x000000077ab00000,0x000000077b988c48,0x000000077bb00000)
  to   space 18432K, 0% used [0x0000000789f80000,0x0000000789f80000,0x000000078b180000)
 ParOldGen       total 173568K, used 53032K [0x00000006c0000000, 0x00000006ca980000, 0x000000076ab00000)
  object space 173568K, 30% used [0x00000006c0000000,0x00000006c33ca130,0x00000006ca980000)
 Metaspace       used 34287K, capacity 35256K, committed 35496K, reserved 1079296K
  class space    used 4808K, capacity 5049K, committed 5120K, reserved 1048576K
Event: 11.250 GC heap after
Heap after GC invocations=9 (full 2):
 PSYoungGen      total 278528K, used 0K [0x000000076ab00000, 0x000000078b180000, 0x00000007c0000000)
  eden space 262144K, 0% used [0x000000076ab00000,0x000000076ab00000,0x000000077ab00000)
  from space 16384K, 0% used [0x000000077ab00000,0x000000077ab00000,0x000000077bb00000)
  to   space 18432K, 0% used [0x0000000789f80000,0x0000000789f80000,0x000000078b180000)
 ParOldGen       total 207872K, used 66844K [0x00000006c0000000, 0x00000006ccb00000, 0x000000076ab00000)
  object space 207872K, 32% used [0x00000006c0000000,0x00000006c41470b0,0x00000006ccb00000)
 Metaspace       used 34287K, capacity 35256K, committed 35496K, reserved 1079296K
  class space    used 4808K, capacity 5049K, committed 5120K, reserved 1048576K
}
Event: 16.776 GC heap before
{Heap before GC invocations=10 (full 2):
 PSYoungGen      total 278528K, used 262144K [0x000000076ab00000, 0x000000078b180000, 0x00000007c0000000)
  eden space 262144K, 100% used [0x000000076ab00000,0x000000077ab00000,0x000000077ab00000)
  from space 16384K, 0% used [0x000000077ab00000,0x000000077ab00000,0x000000077bb00000)
  to   space 18432K, 0% used [0x0000000789f80000,0x0000000789f80000,0x000000078b180000)
 ParOldGen       total 207872K, used 110432K [0x00000006c0000000, 0x00000006ccb00000, 0x000000076ab00000)
  object space 207872K, 53% used [0x00000006c0000000,0x00000006c6bd8058,0x00000006ccb00000)
 Metaspace       used 49475K, capacity 50982K, committed 51072K, reserved 1093632K
  class space    used 6950K, capacity 7234K, committed 7296K, reserved 1048576K
Event: 16.805 GC heap after
Heap after GC invocations=10 (full 2):
 PSYoungGen      total 445952K, used 15381K [0x000000076ab00000, 0x000000078af00000, 0x00000007c0000000)
  eden space 430080K, 0% used [0x000000076ab00000,0x000000076ab00000,0x0000000784f00000)
  from space 15872K, 96% used [0x0000000789f80000,0x000000078ae857e0,0x000000078af00000)
  to   space 19968K, 0% used [0x0000000788800000,0x0000000788800000,0x0000000789b80000)
 ParOldGen       total 207872K, used 110440K [0x00000006c0000000, 0x00000006ccb00000, 0x000000076ab00000)
  object space 207872K, 53% used [0x00000006c0000000,0x00000006c6bda058,0x00000006ccb00000)
 Metaspace       used 49475K, capacity 50982K, committed 51072K, reserved 1093632K
  class space    used 6950K, capacity 7234K, committed 7296K, reserved 1048576K
}

Deoptimization events (10 events):
Event: 44.461 Thread 0x00007fd8da9de000 Uncommon trap: reason=range_check action=none pc=0x000000010f4d7128 method=java.util.ArrayList.elementData(I)Ljava/lang/Object; @ 5
Event: 44.461 Thread 0x00007fd8da9de000 Uncommon trap: reason=range_check action=none pc=0x000000010f4d7128 method=java.util.ArrayList.elementData(I)Ljava/lang/Object; @ 5
Event: 44.478 Thread 0x00007fd8da9de000 Uncommon trap: reason=range_check action=none pc=0x000000010f4d7128 method=java.util.ArrayList.elementData(I)Ljava/lang/Object; @ 5
Event: 44.478 Thread 0x00007fd8da9de000 Uncommon trap: reason=range_check action=none pc=0x000000010f4d7128 method=java.util.ArrayList.elementData(I)Ljava/lang/Object; @ 5
Event: 44.496 Thread 0x00007fd8da9de000 Uncommon trap: reason=range_check action=none pc=0x000000010f4d7128 method=java.util.ArrayList.elementData(I)Ljava/lang/Object; @ 5
Event: 44.496 Thread 0x00007fd8da9de000 Uncommon trap: reason=range_check action=none pc=0x000000010f4d7128 method=java.util.ArrayList.elementData(I)Ljava/lang/Object; @ 5
Event: 44.512 Thread 0x00007fd8da9de000 Uncommon trap: reason=range_check action=none pc=0x000000010f4d7128 method=java.util.ArrayList.elementData(I)Ljava/lang/Object; @ 5
Event: 44.512 Thread 0x00007fd8da9de000 Uncommon trap: reason=range_check action=none pc=0x000000010f4d7128 method=java.util.ArrayList.elementData(I)Ljava/lang/Object; @ 5
Event: 44.528 Thread 0x00007fd8da9de000 Uncommon trap: reason=range_check action=none pc=0x000000010f4d7128 method=java.util.ArrayList.elementData(I)Ljava/lang/Object; @ 5
Event: 44.528 Thread 0x00007fd8da9de000 Uncommon trap: reason=range_check action=none pc=0x000000010f4d7128 method=java.util.ArrayList.elementData(I)Ljava/lang/Object; @ 5

Internal exceptions (10 events):
Event: 44.461 Thread 0x00007fd8da9de000 Exception <a 'java/lang/ArrayIndexOutOfBoundsException': -1> (0x000000076d97fcf8) thrown at [/HUDSON3/workspace/8-2-build-macosx-x86_64/jdk8u73/6086/hotspot/src/share/vm/interpreter/interpreterRuntime.cpp, line 366]
Event: 44.461 Thread 0x00007fd8da9de000 Exception <a 'java/lang/ArrayIndexOutOfBoundsException': -1> (0x000000076d97ff30) thrown at [/HUDSON3/workspace/8-2-build-macosx-x86_64/jdk8u73/6086/hotspot/src/share/vm/interpreter/interpreterRuntime.cpp, line 366]
Event: 44.478 Thread 0x00007fd8da9de000 Exception <a 'java/lang/ArrayIndexOutOfBoundsException': -1> (0x000000076d982950) thrown at [/HUDSON3/workspace/8-2-build-macosx-x86_64/jdk8u73/6086/hotspot/src/share/vm/interpreter/interpreterRuntime.cpp, line 366]
Event: 44.478 Thread 0x00007fd8da9de000 Exception <a 'java/lang/ArrayIndexOutOfBoundsException': -1> (0x000000076d982b88) thrown at [/HUDSON3/workspace/8-2-build-macosx-x86_64/jdk8u73/6086/hotspot/src/share/vm/interpreter/interpreterRuntime.cpp, line 366]
Event: 44.496 Thread 0x00007fd8da9de000 Exception <a 'java/lang/ArrayIndexOutOfBoundsException': -1> (0x000000076d9857d8) thrown at [/HUDSON3/workspace/8-2-build-macosx-x86_64/jdk8u73/6086/hotspot/src/share/vm/interpreter/interpreterRuntime.cpp, line 366]
Event: 44.496 Thread 0x00007fd8da9de000 Exception <a 'java/lang/ArrayIndexOutOfBoundsException': -1> (0x000000076d985a10) thrown at [/HUDSON3/workspace/8-2-build-macosx-x86_64/jdk8u73/6086/hotspot/src/share/vm/interpreter/interpreterRuntime.cpp, line 366]
Event: 44.512 Thread 0x00007fd8da9de000 Exception <a 'java/lang/ArrayIndexOutOfBoundsException': -1> (0x000000076d988500) thrown at [/HUDSON3/workspace/8-2-build-macosx-x86_64/jdk8u73/6086/hotspot/src/share/vm/interpreter/interpreterRuntime.cpp, line 366]
Event: 44.512 Thread 0x00007fd8da9de000 Exception <a 'java/lang/ArrayIndexOutOfBoundsException': -1> (0x000000076d988738) thrown at [/HUDSON3/workspace/8-2-build-macosx-x86_64/jdk8u73/6086/hotspot/src/share/vm/interpreter/interpreterRuntime.cpp, line 366]
Event: 44.528 Thread 0x00007fd8da9de000 Exception <a 'java/lang/ArrayIndexOutOfBoundsException': -1> (0x000000076d98b228) thrown at [/HUDSON3/workspace/8-2-build-macosx-x86_64/jdk8u73/6086/hotspot/src/share/vm/interpreter/interpreterRuntime.cpp, line 366]
Event: 44.528 Thread 0x00007fd8da9de000 Exception <a 'java/lang/ArrayIndexOutOfBoundsException': -1> (0x000000076d98b460) thrown at [/HUDSON3/workspace/8-2-build-macosx-x86_64/jdk8u73/6086/hotspot/src/share/vm/interpreter/interpreterRuntime.cpp, line 366]

Events (10 events):
Event: 107.447 Thread 0x00007fd8db832000 flushing nmethod 0x000000010f09ead0
Event: 107.447 Thread 0x00007fd8db832000 flushing nmethod 0x000000010f0b9710
Event: 110.522 Thread 0x00007fd8db980000 flushing nmethod 0x000000010f0da890
Event: 118.282 Thread 0x00007fd8db832000 flushing nmethod 0x000000010f1c5090
Event: 118.282 Thread 0x00007fd8db832000 flushing nmethod 0x000000010f253610
Event: 118.282 Thread 0x00007fd8db832000 flushing nmethod 0x000000010f254a90
Event: 118.288 Thread 0x00007fd8db97f800 flushing nmethod 0x000000010f35c450
Event: 118.288 Thread 0x00007fd8db97f800 flushing nmethod 0x000000010f36d990
Event: 251.723 Executing VM operation: RedefineClasses
Event: 251.780 Executing VM operation: RedefineClasses done


Dynamic libraries:
0x0000000003b5b000 	/System/Library/Frameworks/Cocoa.framework/Versions/A/Cocoa
0x0000000003b5b000 	/System/Library/Frameworks/Security.framework/Versions/A/Security
0x0000000003b5b000 	/System/Library/Frameworks/ApplicationServices.framework/Versions/A/ApplicationServices
0x0000000003b5b000 	/usr/lib/libz.1.dylib
0x0000000003b5b000 	/usr/lib/libSystem.B.dylib
0x0000000003b5b000 	/usr/lib/libobjc.A.dylib
0x0000000003b5b000 	/System/Library/Frameworks/CoreFoundation.framework/Versions/A/CoreFoundation
0x0000000003b5b000 	/System/Library/Frameworks/Foundation.framework/Versions/C/Foundation
0x0000000003b5b000 	/System/Library/Frameworks/AppKit.framework/Versions/C/AppKit
0x0000000003b5b000 	/System/Library/Frameworks/CoreData.framework/Versions/A/CoreData
0x0000000003b5b000 	/System/Library/PrivateFrameworks/RemoteViewServices.framework/Versions/A/RemoteViewServices
0x0000000003b5b000 	/System/Library/PrivateFrameworks/UIFoundation.framework/Versions/A/UIFoundation
0x0000000003b5b000 	/System/Library/PrivateFrameworks/XCTTargetBootstrap.framework/Versions/A/XCTTargetBootstrap
0x0000000003b5b000 	/System/Library/Frameworks/CoreDisplay.framework/Versions/A/CoreDisplay
0x0000000003b5b000 	/System/Library/PrivateFrameworks/IconServices.framework/Versions/A/IconServices
0x0000000003b5b000 	/System/Library/Frameworks/Metal.framework/Versions/A/Metal
0x0000000003b5b000 	/System/Library/PrivateFrameworks/DesktopServicesPriv.framework/Versions/A/DesktopServicesPriv
0x0000000003b5b000 	/usr/lib/libenergytrace.dylib
0x0000000003b5b000 	/System/Library/PrivateFrameworks/SkyLight.framework/Versions/A/SkyLight
0x0000000003b5b000 	/System/Library/Frameworks/CoreGraphics.framework/Versions/A/CoreGraphics
0x0000000003b5b000 	/System/Library/Frameworks/Accelerate.framework/Versions/A/Accelerate
0x0000000003b5b000 	/System/Library/Frameworks/IOSurface.framework/Versions/A/IOSurface
0x0000000003b5b000 	/System/Library/PrivateFrameworks/DFRFoundation.framework/Versions/A/DFRFoundation
0x0000000003b5b000 	/System/Library/Frameworks/AudioToolbox.framework/Versions/A/AudioToolbox
0x0000000003b5b000 	/System/Library/Frameworks/AudioUnit.framework/Versions/A/AudioUnit
0x0000000003b5b000 	/System/Library/PrivateFrameworks/DataDetectorsCore.framework/Versions/A/DataDetectorsCore
0x0000000003b5b000 	/System/Library/Frameworks/Carbon.framework/Versions/A/Frameworks/HIToolbox.framework/Versions/A/HIToolbox
0x0000000003b5b000 	/usr/lib/libicucore.A.dylib
0x0000000003b5b000 	/System/Library/Frameworks/QuartzCore.framework/Versions/A/QuartzCore
0x0000000003b5b000 	/System/Library/Frameworks/Carbon.framework/Versions/A/Frameworks/SpeechRecognition.framework/Versions/A/SpeechRecognition
0x0000000003b5b000 	/usr/lib/libauto.dylib
0x0000000003b5b000 	/usr/lib/libxml2.2.dylib
0x0000000003b5b000 	/System/Library/PrivateFrameworks/CoreUI.framework/Versions/A/CoreUI
0x0000000003b5b000 	/System/Library/Frameworks/CoreAudio.framework/Versions/A/CoreAudio
0x0000000003b5b000 	/System/Library/Frameworks/DiskArbitration.framework/Versions/A/DiskArbitration
0x0000000003b5b000 	/usr/lib/liblangid.dylib
0x0000000003b5b000 	/System/Library/PrivateFrameworks/MultitouchSupport.framework/Versions/A/MultitouchSupport
0x0000000003b5b000 	/System/Library/Frameworks/IOKit.framework/Versions/A/IOKit
0x0000000003b5b000 	/usr/lib/libDiagnosticMessagesClient.dylib
0x0000000003b5b000 	/System/Library/Frameworks/CoreServices.framework/Versions/A/CoreServices
0x0000000003b5b000 	/System/Library/PrivateFrameworks/PerformanceAnalysis.framework/Versions/A/PerformanceAnalysis
0x0000000003b5b000 	/System/Library/Frameworks/OpenGL.framework/Versions/A/OpenGL
0x0000000003b5b000 	/System/Library/Frameworks/ColorSync.framework/Versions/A/ColorSync
0x0000000003b5b000 	/System/Library/Frameworks/CoreImage.framework/Versions/A/CoreImage
0x0000000003b5b000 	/System/Library/Frameworks/CoreText.framework/Versions/A/CoreText
0x0000000003b5b000 	/System/Library/Frameworks/ImageIO.framework/Versions/A/ImageIO
0x0000000003b5b000 	/System/Library/PrivateFrameworks/Backup.framework/Versions/A/Backup
0x0000000003b5b000 	/usr/lib/libarchive.2.dylib
0x0000000003b5b000 	/System/Library/Frameworks/CFNetwork.framework/Versions/A/CFNetwork
0x0000000003b5b000 	/System/Library/Frameworks/SystemConfiguration.framework/Versions/A/SystemConfiguration
0x0000000003b5b000 	/usr/lib/libCRFSuite.dylib
0x0000000003b5b000 	/usr/lib/libc++.1.dylib
0x0000000003b5b000 	/usr/lib/libc++abi.dylib
0x0000000003b5b000 	/usr/lib/system/libcache.dylib
0x0000000003b5b000 	/usr/lib/system/libcommonCrypto.dylib
0x0000000003b5b000 	/usr/lib/system/libcompiler_rt.dylib
0x0000000003b5b000 	/usr/lib/system/libcopyfile.dylib
0x0000000003b5b000 	/usr/lib/system/libcorecrypto.dylib
0x0000000003b5b000 	/usr/lib/system/libdispatch.dylib
0x0000000003b5b000 	/usr/lib/system/libdyld.dylib
0x0000000003b5b000 	/usr/lib/system/libkeymgr.dylib
0x0000000003b5b000 	/usr/lib/system/liblaunch.dylib
0x0000000003b5b000 	/usr/lib/system/libmacho.dylib
0x0000000003b5b000 	/usr/lib/system/libquarantine.dylib
0x0000000003b5b000 	/usr/lib/system/libremovefile.dylib
0x0000000003b5b000 	/usr/lib/system/libsystem_asl.dylib
0x0000000003b5b000 	/usr/lib/system/libsystem_blocks.dylib
0x0000000003b5b000 	/usr/lib/system/libsystem_c.dylib
0x0000000003b5b000 	/usr/lib/system/libsystem_configuration.dylib
0x0000000003b5b000 	/usr/lib/system/libsystem_coreservices.dylib
0x0000000003b5b000 	/usr/lib/system/libsystem_darwin.dylib
0x0000000003b5b000 	/usr/lib/system/libsystem_dnssd.dylib
0x0000000003b5b000 	/usr/lib/system/libsystem_info.dylib
0x0000000003b5b000 	/usr/lib/system/libsystem_m.dylib
0x0000000003b5b000 	/usr/lib/system/libsystem_malloc.dylib
0x0000000003b5b000 	/usr/lib/system/libsystem_networkextension.dylib
0x0000000003b5b000 	/usr/lib/system/libsystem_notify.dylib
0x0000000003b5b000 	/usr/lib/system/libsystem_sandbox.dylib
0x0000000003b5b000 	/usr/lib/system/libsystem_secinit.dylib
0x0000000003b5b000 	/usr/lib/system/libsystem_kernel.dylib
0x0000000003b5b000 	/usr/lib/system/libsystem_platform.dylib
0x0000000003b5b000 	/usr/lib/system/libsystem_pthread.dylib
0x0000000003b5b000 	/usr/lib/system/libsystem_symptoms.dylib
0x0000000003b5b000 	/usr/lib/system/libsystem_trace.dylib
0x0000000003b5b000 	/usr/lib/system/libunwind.dylib
0x0000000003b5b000 	/usr/lib/system/libxpc.dylib
0x0000000003b5b000 	/usr/lib/libbsm.0.dylib
0x0000000003b5b000 	/usr/lib/system/libkxld.dylib
0x0000000003b5b000 	/System/Library/PrivateFrameworks/AppleFSCompression.framework/Versions/A/AppleFSCompression
0x0000000003b5b000 	/usr/lib/libOpenScriptingUtil.dylib
0x0000000003b5b000 	/usr/lib/libcoretls.dylib
0x0000000003b5b000 	/usr/lib/libcoretls_cfhelpers.dylib
0x0000000003b5b000 	/usr/lib/libpam.2.dylib
0x0000000003b5b000 	/usr/lib/libsqlite3.dylib
0x0000000003b5b000 	/usr/lib/libxar.1.dylib
0x0000000003b5b000 	/usr/lib/libbz2.1.0.dylib
0x0000000003b5b000 	/usr/lib/liblzma.5.dylib
0x0000000003b5b000 	/usr/lib/libnetwork.dylib
0x0000000003b5b000 	/usr/lib/libapple_nghttp2.dylib
0x0000000003b5b000 	/usr/lib/libpcap.A.dylib
0x0000000003b5b000 	/System/Library/Frameworks/CoreServices.framework/Versions/A/Frameworks/FSEvents.framework/Versions/A/FSEvents
0x0000000003b5b000 	/System/Library/Frameworks/CoreServices.framework/Versions/A/Frameworks/CarbonCore.framework/Versions/A/CarbonCore
0x0000000003b5b000 	/System/Library/Frameworks/CoreServices.framework/Versions/A/Frameworks/Metadata.framework/Versions/A/Metadata
0x0000000003b5b000 	/System/Library/Frameworks/CoreServices.framework/Versions/A/Frameworks/OSServices.framework/Versions/A/OSServices
0x0000000003b5b000 	/System/Library/Frameworks/CoreServices.framework/Versions/A/Frameworks/SearchKit.framework/Versions/A/SearchKit
0x0000000003b5b000 	/System/Library/Frameworks/CoreServices.framework/Versions/A/Frameworks/AE.framework/Versions/A/AE
0x0000000003b5b000 	/System/Library/Frameworks/CoreServices.framework/Versions/A/Frameworks/LaunchServices.framework/Versions/A/LaunchServices
0x0000000003b5b000 	/System/Library/Frameworks/CoreServices.framework/Versions/A/Frameworks/DictionaryServices.framework/Versions/A/DictionaryServices
0x0000000003b5b000 	/System/Library/Frameworks/CoreServices.framework/Versions/A/Frameworks/SharedFileList.framework/Versions/A/SharedFileList
0x0000000003b5b000 	/System/Library/Frameworks/NetFS.framework/Versions/A/NetFS
0x0000000003b5b000 	/System/Library/PrivateFrameworks/NetAuth.framework/Versions/A/NetAuth
0x0000000003b5b000 	/System/Library/PrivateFrameworks/login.framework/Versions/A/Frameworks/loginsupport.framework/Versions/A/loginsupport
0x0000000003b5b000 	/System/Library/PrivateFrameworks/TCC.framework/Versions/A/TCC
0x0000000003b5b000 	/System/Library/PrivateFrameworks/CoreNLP.framework/Versions/A/CoreNLP
0x0000000003b5b000 	/System/Library/PrivateFrameworks/MetadataUtilities.framework/Versions/A/MetadataUtilities
0x0000000003b5b000 	/usr/lib/libmecabra.dylib
0x0000000003b5b000 	/System/Library/Frameworks/ApplicationServices.framework/Versions/A/Frameworks/ATS.framework/Versions/A/ATS
0x0000000003b5b000 	/System/Library/Frameworks/ApplicationServices.framework/Versions/A/Frameworks/ColorSyncLegacy.framework/Versions/A/ColorSyncLegacy
0x0000000003b5b000 	/System/Library/Frameworks/ApplicationServices.framework/Versions/A/Frameworks/HIServices.framework/Versions/A/HIServices
0x0000000003b5b000 	/System/Library/Frameworks/ApplicationServices.framework/Versions/A/Frameworks/LangAnalysis.framework/Versions/A/LangAnalysis
0x0000000003b5b000 	/System/Library/Frameworks/ApplicationServices.framework/Versions/A/Frameworks/PrintCore.framework/Versions/A/PrintCore
0x0000000003b5b000 	/System/Library/Frameworks/ApplicationServices.framework/Versions/A/Frameworks/QD.framework/Versions/A/QD
0x0000000003b5b000 	/System/Library/Frameworks/ApplicationServices.framework/Versions/A/Frameworks/SpeechSynthesis.framework/Versions/A/SpeechSynthesis
0x0000000003b5b000 	/usr/lib/libcompression.dylib
0x0000000003b5b000 	/System/Library/Frameworks/MetalPerformanceShaders.framework/Versions/A/MetalPerformanceShaders
0x0000000003b5b000 	/System/Library/Frameworks/Accelerate.framework/Versions/A/Frameworks/vImage.framework/Versions/A/vImage
0x0000000003b5b000 	/System/Library/Frameworks/Accelerate.framework/Versions/A/Frameworks/vecLib.framework/Versions/A/vecLib
0x0000000003b5b000 	/System/Library/Frameworks/Accelerate.framework/Versions/A/Frameworks/vecLib.framework/Versions/A/libvMisc.dylib
0x0000000003b5b000 	/System/Library/Frameworks/Accelerate.framework/Versions/A/Frameworks/vecLib.framework/Versions/A/libvDSP.dylib
0x0000000003b5b000 	/System/Library/Frameworks/Accelerate.framework/Versions/A/Frameworks/vecLib.framework/Versions/A/libBLAS.dylib
0x0000000003b5b000 	/System/Library/Frameworks/Accelerate.framework/Versions/A/Frameworks/vecLib.framework/Versions/A/libLAPACK.dylib
0x0000000003b5b000 	/System/Library/Frameworks/Accelerate.framework/Versions/A/Frameworks/vecLib.framework/Versions/A/libLinearAlgebra.dylib
0x0000000003b5b000 	/System/Library/Frameworks/Accelerate.framework/Versions/A/Frameworks/vecLib.framework/Versions/A/libSparseBLAS.dylib
0x0000000003b5b000 	/System/Library/Frameworks/Accelerate.framework/Versions/A/Frameworks/vecLib.framework/Versions/A/libQuadrature.dylib
0x0000000003b5b000 	/System/Library/Frameworks/Accelerate.framework/Versions/A/Frameworks/vecLib.framework/Versions/A/libBNNS.dylib
0x0000000003b5b000 	/System/Library/Frameworks/Accelerate.framework/Versions/A/Frameworks/vecLib.framework/Versions/A/libSparse.dylib
0x0000000003b5b000 	/System/Library/PrivateFrameworks/GPUWrangler.framework/Versions/A/GPUWrangler
0x0000000003b5b000 	/System/Library/PrivateFrameworks/IOAccelerator.framework/Versions/A/IOAccelerator
0x0000000003b5b000 	/System/Library/PrivateFrameworks/IOPresentment.framework/Versions/A/IOPresentment
0x0000000003b5b000 	/System/Library/PrivateFrameworks/DSExternalDisplay.framework/Versions/A/DSExternalDisplay
0x0000000003b5b000 	/System/Library/Frameworks/OpenGL.framework/Versions/A/Libraries/libCoreFSCache.dylib
0x0000000003b5b000 	/System/Library/Frameworks/MetalPerformanceShaders.framework/Frameworks/MPSCore.framework/Versions/A/MPSCore
0x0000000003b5b000 	/System/Library/Frameworks/MetalPerformanceShaders.framework/Frameworks/MPSImage.framework/Versions/A/MPSImage
0x0000000003b5b000 	/System/Library/Frameworks/MetalPerformanceShaders.framework/Frameworks/MPSNeuralNetwork.framework/Versions/A/MPSNeuralNetwork
0x0000000003b5b000 	/System/Library/Frameworks/MetalPerformanceShaders.framework/Frameworks/MPSMatrix.framework/Versions/A/MPSMatrix
0x0000000003b5b000 	/System/Library/Frameworks/MetalPerformanceShaders.framework/Frameworks/MPSRayIntersector.framework/Versions/A/MPSRayIntersector
0x0000000003b5b000 	/System/Library/PrivateFrameworks/MetalTools.framework/Versions/A/MetalTools
0x0000000003b5b000 	/System/Library/PrivateFrameworks/AggregateDictionary.framework/Versions/A/AggregateDictionary
0x0000000003b5b000 	/usr/lib/libMobileGestalt.dylib
0x0000000003b5b000 	/System/Library/Frameworks/CoreVideo.framework/Versions/A/CoreVideo
0x0000000003b5b000 	/System/Library/PrivateFrameworks/GraphVisualizer.framework/Versions/A/GraphVisualizer
0x0000000003b5b000 	/System/Library/PrivateFrameworks/FaceCore.framework/Versions/A/FaceCore
0x0000000003b5b000 	/System/Library/Frameworks/OpenCL.framework/Versions/A/OpenCL
0x0000000003b5b000 	/usr/lib/libFosl_dynamic.dylib
0x0000000003b5b000 	/System/Library/PrivateFrameworks/OTSVG.framework/Versions/A/OTSVG
0x0000000003b5b000 	/System/Library/Frameworks/ApplicationServices.framework/Versions/A/Frameworks/ATS.framework/Versions/A/Resources/libFontParser.dylib
0x0000000003b5b000 	/System/Library/Frameworks/ApplicationServices.framework/Versions/A/Frameworks/ATS.framework/Versions/A/Resources/libFontRegistry.dylib
0x0000000003b5b000 	/System/Library/Frameworks/ImageIO.framework/Versions/A/Resources/libJPEG.dylib
0x0000000003b5b000 	/System/Library/Frameworks/ImageIO.framework/Versions/A/Resources/libTIFF.dylib
0x0000000003b5b000 	/System/Library/Frameworks/ImageIO.framework/Versions/A/Resources/libPng.dylib
0x0000000003b5b000 	/System/Library/Frameworks/ImageIO.framework/Versions/A/Resources/libGIF.dylib
0x0000000003b5b000 	/System/Library/Frameworks/ImageIO.framework/Versions/A/Resources/libJP2.dylib
0x0000000003b5b000 	/System/Library/Frameworks/ImageIO.framework/Versions/A/Resources/libRadiance.dylib
0x0000000003b5b000 	/System/Library/PrivateFrameworks/AppleJPEG.framework/Versions/A/AppleJPEG
0x0000000003b5b000 	/System/Library/Frameworks/OpenGL.framework/Versions/A/Libraries/libGFXShared.dylib
0x0000000003b5b000 	/System/Library/Frameworks/OpenGL.framework/Versions/A/Libraries/libGLU.dylib
0x0000000003b5b000 	/System/Library/Frameworks/OpenGL.framework/Versions/A/Libraries/libGL.dylib
0x0000000003b5b000 	/System/Library/Frameworks/OpenGL.framework/Versions/A/Libraries/libGLImage.dylib
0x0000000003b5b000 	/System/Library/Frameworks/OpenGL.framework/Versions/A/Libraries/libCVMSPluginSupport.dylib
0x0000000003b5b000 	/System/Library/Frameworks/OpenGL.framework/Versions/A/Libraries/libCoreVMClient.dylib
0x0000000003b5b000 	/usr/lib/libcups.2.dylib
0x0000000003b5b000 	/System/Library/Frameworks/Kerberos.framework/Versions/A/Kerberos
0x0000000003b5b000 	/System/Library/Frameworks/GSS.framework/Versions/A/GSS
0x0000000003b5b000 	/usr/lib/libresolv.9.dylib
0x0000000003b5b000 	/usr/lib/libiconv.2.dylib
0x0000000003b5b000 	/System/Library/PrivateFrameworks/Heimdal.framework/Versions/A/Heimdal
0x0000000003b5b000 	/usr/lib/libheimdal-asn1.dylib
0x0000000003b5b000 	/System/Library/Frameworks/OpenDirectory.framework/Versions/A/OpenDirectory
0x0000000003b5b000 	/System/Library/PrivateFrameworks/CommonAuth.framework/Versions/A/CommonAuth
0x0000000003b5b000 	/System/Library/Frameworks/OpenDirectory.framework/Versions/A/Frameworks/CFOpenDirectory.framework/Versions/A/CFOpenDirectory
0x0000000003b5b000 	/System/Library/Frameworks/SecurityFoundation.framework/Versions/A/SecurityFoundation
0x0000000003b5b000 	/System/Library/PrivateFrameworks/APFS.framework/Versions/A/APFS
0x0000000003b5b000 	/usr/lib/libutil.dylib
0x0000000003b5b000 	/usr/lib/libcharset.1.dylib
0x0000000003b5b000 	/System/Library/PrivateFrameworks/AppleSauce.framework/Versions/A/AppleSauce
0x0000000003b5b000 	/System/Library/PrivateFrameworks/AssertionServices.framework/Versions/A/AssertionServices
0x0000000003b5b000 	/System/Library/PrivateFrameworks/BaseBoard.framework/Versions/A/BaseBoard
0x0000000003b5b000 	/usr/lib/libmecab.1.0.0.dylib
0x0000000003b5b000 	/usr/lib/libgermantok.dylib
0x0000000003b5b000 	/usr/lib/libThaiTokenizer.dylib
0x0000000003b5b000 	/usr/lib/libChineseTokenizer.dylib
0x0000000003b5b000 	/System/Library/PrivateFrameworks/LanguageModeling.framework/Versions/A/LanguageModeling
0x0000000003b5b000 	/System/Library/PrivateFrameworks/CoreEmoji.framework/Versions/A/CoreEmoji
0x0000000003b5b000 	/System/Library/PrivateFrameworks/Lexicon.framework/Versions/A/Lexicon
0x0000000003b5b000 	/System/Library/PrivateFrameworks/LinguisticData.framework/Versions/A/LinguisticData
0x0000000003b5b000 	/usr/lib/libcmph.dylib
0x0000000003b5b000 	/System/Library/Frameworks/ServiceManagement.framework/Versions/A/ServiceManagement
0x0000000003b5b000 	/System/Library/PrivateFrameworks/BackgroundTaskManagement.framework/Versions/A/BackgroundTaskManagement
0x0000000003b5b000 	/usr/lib/libxslt.1.dylib
0x0000000003b5b000 	/System/Library/Frameworks/Carbon.framework/Versions/A/Frameworks/Ink.framework/Versions/A/Ink
0x0000000003b5b000 	/System/Library/PrivateFrameworks/TextureIO.framework/Versions/A/TextureIO
0x0000000003b5b000 	/usr/lib/libate.dylib
0x0000000003b5b000 	/System/Library/PrivateFrameworks/CrashReporterSupport.framework/Versions/A/CrashReporterSupport
0x0000000003b5b000 	/System/Library/PrivateFrameworks/Sharing.framework/Versions/A/Sharing
0x0000000003b5b000 	/System/Library/PrivateFrameworks/AuthKit.framework/Versions/A/AuthKit
0x0000000003b5b000 	/System/Library/PrivateFrameworks/Apple80211.framework/Versions/A/Apple80211
0x0000000003b5b000 	/System/Library/PrivateFrameworks/CoreUtils.framework/Versions/A/CoreUtils
0x0000000003b5b000 	/System/Library/Frameworks/CoreWLAN.framework/Versions/A/CoreWLAN
0x0000000003b5b000 	/System/Library/Frameworks/IOBluetooth.framework/Versions/A/IOBluetooth
0x0000000003b5b000 	/System/Library/PrivateFrameworks/ProtocolBuffer.framework/Versions/A/ProtocolBuffer
0x0000000003b5b000 	/System/Library/PrivateFrameworks/MobileKeyBag.framework/Versions/A/MobileKeyBag
0x0000000003b5b000 	/System/Library/PrivateFrameworks/CorePhoneNumbers.framework/Versions/A/CorePhoneNumbers
0x0000000003b5b000 	/System/Library/PrivateFrameworks/AppleIDAuthSupport.framework/Versions/A/AppleIDAuthSupport
0x0000000003b5b000 	/System/Library/PrivateFrameworks/KeychainCircle.framework/Versions/A/KeychainCircle
0x0000000003b5b000 	/System/Library/PrivateFrameworks/ROCKit.framework/Versions/A/ROCKit
0x0000000003b5b000 	/System/Library/PrivateFrameworks/CoreWiFi.framework/Versions/A/CoreWiFi
0x0000000003b5b000 	/System/Library/Frameworks/CoreBluetooth.framework/Versions/A/CoreBluetooth
0x0000000003b5b000 	/System/Library/PrivateFrameworks/DebugSymbols.framework/Versions/A/DebugSymbols
0x0000000003b5b000 	/System/Library/PrivateFrameworks/CoreSymbolication.framework/Versions/A/CoreSymbolication
0x0000000003b5b000 	/System/Library/PrivateFrameworks/Symbolication.framework/Versions/A/Symbolication
0x0000000003b5b000 	/System/Library/PrivateFrameworks/SpeechRecognitionCore.framework/Versions/A/SpeechRecognitionCore
0x0000000109000000 	/Library/Java/JavaVirtualMachines/jdk1.8.0_73.jdk/Contents/Home/jre/lib/server/libjvm.dylib
0x0000000003b5b000 	/usr/lib/libstdc++.6.dylib
0x0000000108791000 	/Library/Java/JavaVirtualMachines/jdk1.8.0_73.jdk/Contents/Home/jre/lib/libverify.dylib
0x000000010879f000 	/Library/Java/JavaVirtualMachines/jdk1.8.0_73.jdk/Contents/Home/jre/lib/libjava.dylib
0x0000000109f8d000 	/Library/Java/JavaVirtualMachines/jdk1.8.0_73.jdk/Contents/Home/jre/lib/libjdwp.dylib
0x00000001087d5000 	/Library/Java/JavaVirtualMachines/jdk1.8.0_73.jdk/Contents/Home/jre/lib/libnpt.dylib
0x00000001087d9000 	/Library/Java/JavaVirtualMachines/jdk1.8.0_73.jdk/Contents/Home/jre/lib/libinstrument.dylib
0x000000010a051000 	/Library/Java/JavaVirtualMachines/jdk1.8.0_73.jdk/Contents/Home/jre/lib/libzip.dylib
0x0000000003b5b000 	/System/Library/Frameworks/JavaVM.framework/Versions/A/Frameworks/JavaRuntimeSupport.framework/Versions/A/JavaRuntimeSupport
0x0000000003b5b000 	/System/Library/Frameworks/JavaVM.framework/Versions/A/Frameworks/JavaNativeFoundation.framework/Versions/A/JavaNativeFoundation
0x0000000003b5b000 	/System/Library/Frameworks/JavaVM.framework/Versions/A/JavaVM
0x0000000003b5b000 	/System/Library/Frameworks/Carbon.framework/Versions/A/Carbon
0x0000000003b5b000 	/System/Library/PrivateFrameworks/JavaLaunching.framework/Versions/A/JavaLaunching
0x0000000003b5b000 	/System/Library/Frameworks/Carbon.framework/Versions/A/Frameworks/CommonPanels.framework/Versions/A/CommonPanels
0x0000000003b5b000 	/System/Library/Frameworks/Carbon.framework/Versions/A/Frameworks/Help.framework/Versions/A/Help
0x0000000003b5b000 	/System/Library/Frameworks/Carbon.framework/Versions/A/Frameworks/ImageCapture.framework/Versions/A/ImageCapture
0x0000000003b5b000 	/System/Library/Frameworks/Carbon.framework/Versions/A/Frameworks/OpenScripting.framework/Versions/A/OpenScripting
0x0000000003b5b000 	/System/Library/Frameworks/Carbon.framework/Versions/A/Frameworks/Print.framework/Versions/A/Print
0x0000000003b5b000 	/System/Library/Frameworks/Carbon.framework/Versions/A/Frameworks/SecurityHI.framework/Versions/A/SecurityHI
0x000000010d4ab000 	/Library/Java/JavaVirtualMachines/jdk1.8.0_73.jdk/Contents/Home/jre/lib/libdt_socket.dylib
0x000000010d9e3000 	/Library/Java/JavaVirtualMachines/jdk1.8.0_73.jdk/Contents/Home/jre/lib/libprism_es2.dylib
0x0000000003b5b000 	/System/Library/PrivateFrameworks/CoreServicesInternal.framework/Versions/A/CoreServicesInternal
0x0000000003b5b000 	/System/Library/Frameworks/OpenGL.framework/Versions/A/Resources/GLEngine.bundle/GLEngine
0x0000000003b5b000 	/System/Library/Frameworks/OpenGL.framework/Versions/A/Libraries/libGLProgrammability.dylib
0x0000000003b5b000 	/System/Library/Extensions/AppleIntelHD4000GraphicsGLDriver.bundle/Contents/MacOS/AppleIntelHD4000GraphicsGLDriver
0x0000000003b5b000 	/System/Library/PrivateFrameworks/GPUSupport.framework/Versions/A/Libraries/libGPUSupportMercury.dylib
0x0000000003b5b000 	/System/Library/Frameworks/OpenGL.framework/Versions/A/Resources/GLRendererFloat.bundle/GLRendererFloat
0x0000000003b5b000 	/System/Library/Frameworks/OpenCL.framework/Versions/A/Libraries/libcldcpuengine.dylib
0x0000000003b5b000 	/usr/lib/libcrypto.35.dylib
0x0000000003b5b000 	/System/Library/PrivateFrameworks/TrustEvaluationAgent.framework/Versions/A/TrustEvaluationAgent
0x0000000128299000 	/Library/Java/JavaVirtualMachines/jdk1.8.0_73.jdk/Contents/Home/jre/lib/libglass.dylib
0x0000000003b5b000 	/System/Library/CoreServices/RawCamera.bundle/Contents/MacOS/RawCamera
0x0000000003b5b000 	/System/Library/PrivateFrameworks/MobileAsset.framework/Versions/A/MobileAsset
0x0000000003b5b000 	/System/Library/PrivateFrameworks/StreamingZip.framework/Versions/A/StreamingZip
0x0000000003b5b000 	/System/Library/Frameworks/MediaToolbox.framework/Versions/A/MediaToolbox
0x0000000003b5b000 	/System/Library/PrivateFrameworks/CoreAVCHD.framework/Versions/A/CoreAVCHD
0x0000000003b5b000 	/System/Library/Frameworks/MediaAccessibility.framework/Versions/A/MediaAccessibility
0x0000000003b5b000 	/System/Library/PrivateFrameworks/Mangrove.framework/Versions/A/Mangrove
0x0000000003b5b000 	/System/Library/Frameworks/CoreMedia.framework/Versions/A/CoreMedia
0x0000000003b5b000 	/System/Library/Frameworks/VideoToolbox.framework/Versions/A/VideoToolbox
0x0000000003b5b000 	/System/Library/PrivateFrameworks/CoreAUC.framework/Versions/A/CoreAUC
0x0000000003b5b000 	/usr/lib/libspindump.dylib
0x0000000003b5b000 	/System/Library/PrivateFrameworks/AppleVA.framework/Versions/A/AppleVA
0x0000000003b5b000 	/System/Library/Frameworks/Accelerate.framework/Versions/A/Frameworks/vImage.framework/Versions/A/Libraries/libCGInterfaces.dylib
0x0000000003b5b000 	/System/Library/PrivateFrameworks/FamilyControls.framework/Versions/A/FamilyControls
0x0000000003b5b000 	/System/Library/PrivateFrameworks/CommerceKit.framework/Versions/A/Frameworks/CommerceCore.framework/Versions/A/CommerceCore
0x0000000003b5b000 	/System/Library/PrivateFrameworks/SystemAdministration.framework/Versions/A/SystemAdministration
0x0000000003b5b000 	/System/Library/PrivateFrameworks/AppContainer.framework/Versions/A/AppContainer
0x0000000003b5b000 	/System/Library/PrivateFrameworks/AppSandbox.framework/Versions/A/AppSandbox
0x0000000003b5b000 	/System/Library/PrivateFrameworks/SecCodeWrapper.framework/Versions/A/SecCodeWrapper
0x0000000003b5b000 	/usr/lib/libsandbox.1.dylib
0x0000000003b5b000 	/usr/lib/libMatch.1.dylib
0x0000000003b5b000 	/System/Library/PrivateFrameworks/DiskManagement.framework/Versions/A/DiskManagement
0x0000000003b5b000 	/System/Library/Frameworks/DirectoryService.framework/Versions/A/DirectoryService
0x0000000003b5b000 	/System/Library/PrivateFrameworks/DiskImages.framework/Versions/A/DiskImages
0x0000000003b5b000 	/System/Library/PrivateFrameworks/LoginUIKit.framework/Versions/A/Frameworks/LoginUICore.framework/Versions/A/LoginUICore
0x0000000003b5b000 	/usr/lib/libCoreStorage.dylib
0x0000000003b5b000 	/usr/lib/libcsfde.dylib
0x0000000003b5b000 	/usr/lib/libodfde.dylib
0x0000000003b5b000 	/System/Library/PrivateFrameworks/MediaKit.framework/Versions/A/MediaKit
0x0000000003b5b000 	/System/Library/Frameworks/DiscRecording.framework/Versions/A/DiscRecording
0x0000000003b5b000 	/System/Library/PrivateFrameworks/EFILogin.framework/Versions/A/EFILogin
0x0000000003b5b000 	/System/Library/PrivateFrameworks/ProtectedCloudStorage.framework/Versions/A/ProtectedCloudStorage
0x0000000003b5b000 	/usr/lib/libcurl.4.dylib
0x0000000003b5b000 	/usr/lib/libcrypto.42.dylib
0x0000000003b5b000 	/usr/lib/libssl.44.dylib
0x0000000003b5b000 	/System/Library/Frameworks/LDAP.framework/Versions/A/LDAP
0x0000000003b5b000 	/usr/lib/libsasl2.2.dylib
0x0000000003b5b000 	/System/Library/PrivateFrameworks/CoreDaemon.framework/Versions/B/CoreDaemon
0x0000000003b5b000 	/System/Library/PrivateFrameworks/AppleSRP.framework/Versions/A/AppleSRP
0x0000000003b5b000 	/System/Library/PrivateFrameworks/ViewBridge.framework/Versions/A/ViewBridge
0x000000012a85a000 	/Library/Java/JavaVirtualMachines/jdk1.8.0_73.jdk/Contents/Home/jre/lib/libjfxwebkit.dylib
0x000000010da6e000 	/Library/Java/JavaVirtualMachines/jdk1.8.0_73.jdk/Contents/Home/jre/lib/libnio.dylib
0x0000000127578000 	/Library/Java/JavaVirtualMachines/jdk1.8.0_73.jdk/Contents/Home/jre/lib/./libnet.dylib
0x000000010d8cc000 	/Library/Java/JavaVirtualMachines/jdk1.8.0_73.jdk/Contents/Home/jre/lib/libjavafx_font.dylib
0x0000000003b5b000 	/System/Library/Frameworks/ApplicationServices.framework/Versions/A/Frameworks/ATS.framework/Versions/A/Resources/libTrueTypeScaler.dylib
0x000000010da30000 	/usr/lib/libobjc-trampolines.dylib
0x000000010df85000 	/Library/Java/JavaVirtualMachines/jdk1.8.0_73.jdk/Contents/Home/jre/lib/libprism_common.dylib
0x0000000003b5b000 	/System/Library/Extensions/AppleIntelHD4000GraphicsMTLDriver.bundle/Contents/MacOS/AppleIntelHD4000GraphicsMTLDriver
0x0000000003b5b000 	/System/Library/PrivateFrameworks/GPUCompiler.framework/Versions/3902/Libraries/libmetal_timestamp.dylib
0x0000000127a8b000 	/Library/Java/JavaVirtualMachines/jdk1.8.0_73.jdk/Contents/Home/jre/lib/libsunec.dylib

VM Arguments:
jvm_args: -agentlib:jdwp=transport=dt_socket,suspend=y,address=localhost:22949 -javaagent:/Applications/Eclipse.app/Contents/Eclipse/configuration/org.eclipse.osgi/1357/0/.cp/lib/javaagent-shaded.jar -Dfile.encoding=UTF-8 
java_command: com.consacresdeleternel.consacrebeamer.ConsacreBeamerApp
java_class_path (initial): /Users/cedric/workspace/ConsacreBeamer/target/classes:/Users/cedric/.p2/pool/plugins/org.eclipse.fx.ide.css.jfx8_3.5.0.201907240300.jar:/Users/cedric/workspace/ConsacreBeamer/lib/fontawesomefx-8.0.1.jar:/Users/cedric/workspace/ConsacreBeamer/lib/cdi-api-1.2.jar:/Users/cedric/.m2/repository/org/controlsfx/controlsfx/8.40.14/controlsfx-8.40.14.jar:/Users/cedric/.m2/repository/org/apache/poi/poi-ooxml/3.17/poi-ooxml-3.17.jar:/Users/cedric/.m2/repository/org/apache/poi/poi/3.17/poi-3.17.jar:/Users/cedric/.m2/repository/commons-codec/commons-codec/1.10/commons-codec-1.10.jar:/Users/cedric/.m2/repository/org/apache/commons/commons-collections4/4.1/commons-collections4-4.1.jar:/Users/cedric/.m2/repository/org/apache/poi/poi-ooxml-schemas/3.17/poi-ooxml-schemas-3.17.jar:/Users/cedric/.m2/repository/org/apache/xmlbeans/xmlbeans/2.6.0/xmlbeans-2.6.0.jar:/Users/cedric/.m2/repository/stax/stax-api/1.0.1/stax-api-1.0.1.jar:/Users/cedric/.m2/repository/com/github/virtuald/curvesapi/1.04/curvesapi-1.04.jar:/Users/cedric/.m2/repository/mysql/mysql-connector-java/8.0.19/mysql-connector-java-8.0.19.jar:/Users/cedric/.m2/repository/com/google/protobuf/protobuf-java/3.6.1/protobuf-java-3.6.1.jar:/Users/cedric/.m2/repository/org/apache/velocity/velocity/1.7/velocity-1.7.jar:/Users/cedric/.m2/repository/commons-collections/commons-collections/3.2/commons-collections-3.2.jar:/Users/cedric/.m2/repository/commons-lang/commons-lang/2.4/commons-lang-2.4.jar:/Users/cedric/.m2/repository/org/apache/velocity/velocity-tools/2.0/velocity-tools-2.0.jar:/Users/cedric/.m2/repository/commons-beanutils/commons-beanutils/1.7.0/commons-beanutils-1.7.0.jar:/Users/cedric/.m2/repository/commons-chain/commons-chain/1.1/commons-chain-1.1.jar:/Users/cedric/.m2/repository/commons-validator/commons-validator/1.3.1/commons-validator-1.3.1.jar:/Users/cedric/.m2/repository/oro/oro/2.0.8/oro-2.0.8.jar:/Users/cedric/.m2/repository/sslext/sslext/1.2-0/sslext-1.2-0.jar:/Users/cedric/.m2/rep
Launcher Type: SUN_STANDARD

Environment Variables:
PATH=/usr/bin:/bin:/usr/sbin:/sbin
SHELL=/bin/bash
DISPLAY=/private/tmp/com.apple.launchd.PNOis2yUX1/org.macosforge.xquartz:0

Signal Handlers:
SIGSEGV: [libjvm.dylib+0x5a71a5], sa_mask[0]=11111111011111110111111111111111, sa_flags=SA_ONSTACK|SA_RESTART|SA_SIGINFO
SIGBUS: [libjvm.dylib+0x5a71a5], sa_mask[0]=11111111011111110111111111111111, sa_flags=SA_RESTART|SA_SIGINFO
SIGFPE: [libjvm.dylib+0x480eb4], sa_mask[0]=11111111011111110111111111111111, sa_flags=SA_RESTART|SA_SIGINFO
SIGPIPE: [libjvm.dylib+0x480eb4], sa_mask[0]=11111111011111110111111111111111, sa_flags=SA_RESTART|SA_SIGINFO
SIGXFSZ: [libjvm.dylib+0x480eb4], sa_mask[0]=11111111011111110111111111111111, sa_flags=SA_RESTART|SA_SIGINFO
SIGILL: [libjvm.dylib+0x480eb4], sa_mask[0]=11111111011111110111111111111111, sa_flags=SA_RESTART|SA_SIGINFO
SIGUSR1: SIG_DFL, sa_mask[0]=00000000000000000000000000000000, sa_flags=none
SIGUSR2: [libjvm.dylib+0x4809d2], sa_mask[0]=00100000000000000000000000000000, sa_flags=SA_RESTART|SA_SIGINFO
SIGHUP: [libjvm.dylib+0x47efa9], sa_mask[0]=11111111011111110111111111111111, sa_flags=SA_RESTART|SA_SIGINFO
SIGINT: [libjvm.dylib+0x47efa9], sa_mask[0]=11111111011111110111111111111111, sa_flags=SA_RESTART|SA_SIGINFO
SIGTERM: [libjvm.dylib+0x47efa9], sa_mask[0]=11111111011111110111111111111111, sa_flags=SA_RESTART|SA_SIGINFO
SIGQUIT: [libjvm.dylib+0x47efa9], sa_mask[0]=11111111011111110111111111111111, sa_flags=SA_RESTART|SA_SIGINFO


---------------  S Y S T E M  ---------------

OS:Bsduname:Darwin 18.7.0 Darwin Kernel Version 18.7.0: Thu Jun 18 20:50:10 PDT 2020; root:xnu-4903.278.43~1/RELEASE_X86_64 x86_64
rlimit: STACK 8192k, CORE 0k, NPROC 1418, NOFILE 10240, AS infinity
load average:4.14 4.44 3.77

CPU:total 4 (2 cores per cpu, 2 threads per core) family 6 model 58 stepping 9, cmov, cx8, fxsr, mmx, sse, sse2, sse3, ssse3, sse4.1, sse4.2, popcnt, avx, aes, clmul, erms, ht, tsc, tscinvbit, tscinv

Memory: 4k page, physical 16777216k(2057904k free)

/proc/meminfo:


vm_info: Java HotSpot(TM) 64-Bit Server VM (25.73-b02) for bsd-amd64 JRE (1.8.0_73-b02), built on Jan 29 2016 15:02:00 by "java_re" with gcc 4.2.1 (Based on Apple Inc. build 5658) (LLVM build 2336.11.00)

time: Sat Sep 12 11:56:37 2020
elapsed time: 251 seconds (0d 0h 4m 11s)

