#
# There is insufficient memory for the Java Runtime Environment to continue.
# Native memory allocation (malloc) failed to allocate 408256 bytes for Chunk::new
# Possible reasons:
#   The system is out of physical RAM or swap space
#   In 32 bit mode, the process size limit was hit
# Possible solutions:
#   Reduce memory load on the system
#   Increase physical memory or swap space
#   Check if swap backing store is full
#   Use 64 bit Java on a 64 bit OS
#   Decrease Java heap size (-Xmx/-Xms)
#   Decrease number of Java threads
#   Decrease Java thread stack sizes (-Xss)
#   Set larger code cache with -XX:ReservedCodeCacheSize=
# This output file may be truncated or incomplete.
#
#  Out of Memory Error (allocation.cpp:390), pid=3408, tid=0x000000000000023c
#
# JRE version: Java(TM) SE Runtime Environment (8.0_121-b13) (build 1.8.0_121-b13)
# Java VM: Java HotSpot(TM) 64-Bit Server VM (25.121-b13 mixed mode windows-amd64 compressed oops)
# Failed to write core dump. Minidumps are not enabled by default on client versions of Windows
#

---------------  T H R E A D  ---------------

Current thread (0x000000002130b000):  JavaThread "C2 CompilerThread1" daemon [_thread_in_native, id=572, stack(0x0000000022a60000,0x0000000022b60000)]

Stack: [0x0000000022a60000,0x0000000022b60000]
[error occurred during error reporting (printing stack bounds), id 0xc0000005]

Native frames: (J=compiled Java code, j=interpreted, Vv=VM code, C=native code)


Current CompileTask:
C2:    796  949       4       java.io.WinNTFileSystem::normalize (143 bytes)


---------------  P R O C E S S  ---------------

Java Threads: ( => current thread )
  0x0000000024910000 JavaThread "URL-Loader-1" daemon [_thread_blocked, id=15776, stack(0x0000000026ad0000,0x0000000026bd0000)]
  0x000000002490b800 JavaThread "Disposer" daemon [_thread_blocked, id=80, stack(0x0000000025800000,0x0000000025900000)]
  0x000000002437f000 JavaThread "Thread-4" [_thread_in_native, id=19184, stack(0x0000000024d00000,0x0000000024e00000)]
  0x0000000023052800 JavaThread "Thread-3" daemon [_thread_in_native, id=13304, stack(0x0000000024b00000,0x0000000024c00000)]
  0x000000002304f800 JavaThread "JavaFX-Launcher" [_thread_blocked, id=15688, stack(0x0000000024c00000,0x0000000024d00000)]
  0x0000000023010800 JavaThread "JavaFX Application Thread" [_thread_in_Java, id=5420, stack(0x0000000023710000,0x0000000023810000)]
  0x0000000023003000 JavaThread "Thread-1" daemon [_thread_blocked, id=13056, stack(0x0000000023610000,0x0000000023710000)]
  0x0000000022fdf000 JavaThread "QuantumRenderer-0" daemon [_thread_blocked, id=9064, stack(0x00000000233c0000,0x00000000234c0000)]
  0x0000000022c8c000 JavaThread "Service Thread" daemon [_thread_blocked, id=140, stack(0x0000000023060000,0x0000000023160000)]
  0x000000002130d800 JavaThread "C1 CompilerThread2" daemon [_thread_in_native, id=7204, stack(0x0000000022b60000,0x0000000022c60000)]
=>0x000000002130b000 JavaThread "C2 CompilerThread1" daemon [_thread_in_native, id=572, stack(0x0000000022a60000,0x0000000022b60000)]
  0x00000000212ff800 JavaThread "C2 CompilerThread0" daemon [_thread_in_native, id=18492, stack(0x0000000022960000,0x0000000022a60000)]
  0x00000000212fe000 JavaThread "Attach Listener" daemon [_thread_blocked, id=9044, stack(0x0000000022860000,0x0000000022960000)]
  0x00000000212fd000 JavaThread "Signal Dispatcher" daemon [_thread_blocked, id=17124, stack(0x0000000022760000,0x0000000022860000)]
  0x00000000212ea800 JavaThread "Finalizer" daemon [_thread_blocked, id=2960, stack(0x0000000022550000,0x0000000022650000)]
  0x0000000003183000 JavaThread "Reference Handler" daemon [_thread_blocked, id=8168, stack(0x0000000022450000,0x0000000022550000)]
  0x0000000003094000 JavaThread "main" [_thread_blocked, id=14580, stack(0x0000000002ef0000,0x0000000002ff0000)]

Other Threads:
  0x00000000212c7000 VMThread [stack: 0x0000000022350000,0x0000000022450000] [id=2552]
  0x0000000022cae800 WatcherThread [stack: 0x00000000232c0000,0x00000000233c0000] [id=2588]

VM state:not at safepoint (normal execution)

VM Mutex/Monitor currently owned by a thread: None

Heap:
 PSYoungGen      total 114688K, used 55051K [0x0000000740000000, 0x0000000748000000, 0x00000007c0000000)
  eden space 98304K, 56% used [0x0000000740000000,0x00000007435c2f90,0x0000000746000000)
  from space 16384K, 0% used [0x0000000747000000,0x0000000747000000,0x0000000748000000)
  to   space 16384K, 0% used [0x0000000746000000,0x0000000746000000,0x0000000747000000)
 ParOldGen       total 262144K, used 0K [0x0000000640000000, 0x0000000650000000, 0x0000000740000000)
  object space 262144K, 0% used [0x0000000640000000,0x0000000640000000,0x0000000650000000)
 Metaspace       used 15822K, capacity 16358K, committed 16384K, reserved 1062912K
  class space    used 2127K, capacity 2299K, committed 2304K, reserved 1048576K

Card table byte_map: [0x0000000012550000,0x0000000013160000] byte_map_base: 0x000000000f350000

Marking Bits: (ParMarkBitMap*) 0x0000000077f7b6d0
 Begin Bits: [0x0000000013d60000, 0x0000000019d60000)
 End Bits:   [0x0000000019d60000, 0x000000001fd60000)

Polling page: 0x0000000002e80000

CodeCache: size=245760Kb used=3791Kb max_used=3799Kb free=241968Kb
 bounds [0x0000000003190000, 0x0000000003550000, 0x0000000012190000]
 total_blobs=1545 nmethods=993 adapters=465
 compilation: enabled

Compilation events (10 events):
Event: 0.793 Thread 0x000000002130d800  981       3       com.sun.javafx.css.parser.CSSLexer::readChar (72 bytes)
Event: 0.793 Thread 0x000000002130d800 nmethod 981 0x000000000353fc90 code [0x000000000353fe00, 0x0000000003540108]
Event: 0.793 Thread 0x000000002130d800  983       3       com.sun.javafx.css.parser.LexerState::accepts (49 bytes)
Event: 0.793 Thread 0x000000002130d800 nmethod 983 0x00000000035401d0 code [0x0000000003540360, 0x0000000003540728]
Event: 0.793 Thread 0x000000002130d800  982   !   3       java.io.BufferedReader::read (104 bytes)
Event: 0.794 Thread 0x000000002130d800 nmethod 982 0x00000000035408d0 code [0x0000000003540a80, 0x0000000003541138]
Event: 0.794 Thread 0x000000002130d800  984       1       com.sun.javafx.css.parser.Token::getType (5 bytes)
Event: 0.794 Thread 0x000000002130d800 nmethod 984 0x0000000003541590 code [0x00000000035416e0, 0x00000000035417f0]
Event: 0.794 Thread 0x000000002130d800  985       3       com.sun.javafx.css.parser.LexerState::hashCode (8 bytes)
Event: 0.794 Thread 0x000000002130d800 nmethod 985 0x0000000003541850 code [0x00000000035419c0, 0x0000000003541be8]

GC Heap History (0 events):
No events

Deoptimization events (9 events):
Event: 0.133 Thread 0x0000000003094000 Uncommon trap: reason=unstable_if action=reinterpret pc=0x00000000032a8604 method=java.lang.String.hashCode()I @ 14
Event: 0.373 Thread 0x0000000023010800 Uncommon trap: reason=unstable_if action=reinterpret pc=0x000000000333e6b0 method=java.lang.String.replace(CC)Ljava/lang/String; @ 26
Event: 0.414 Thread 0x000000002437f000 Uncommon trap: reason=unstable_if action=reinterpret pc=0x0000000003354f3c method=java.lang.String.indexOf([CII[CIII)I @ 134
Event: 0.515 Thread 0x0000000023010800 Uncommon trap: reason=unstable_if action=reinterpret pc=0x0000000003410858 method=java.util.HashMap.getNode(ILjava/lang/Object;)Ljava/util/HashMap$Node; @ 62
Event: 0.549 Thread 0x000000002437f000 Uncommon trap: reason=unstable_if action=reinterpret pc=0x0000000003423854 method=java.util.HashMap.getNode(ILjava/lang/Object;)Ljava/util/HashMap$Node; @ 129
Event: 0.570 Thread 0x000000002437f000 Uncommon trap: reason=unstable_if action=reinterpret pc=0x000000000343ec34 method=java.lang.String.lastIndexOf([CII[CIII)I @ 118
Event: 0.647 Thread 0x0000000023010800 Uncommon trap: reason=unstable_if action=reinterpret pc=0x000000000348ac78 method=java.net.URI.match(CJJ)Z @ 19
Event: 0.718 Thread 0x0000000023010800 Uncommon trap: reason=unstable_if action=reinterpret pc=0x000000000341d758 method=java.lang.AbstractStringBuilder.append(Ljava/lang/String;)Ljava/lang/AbstractStringBuilder; @ 1
Event: 0.731 Thread 0x0000000024910000 Uncommon trap: reason=unstable_if action=reinterpret pc=0x00000000033afa4c method=java.lang.AbstractStringBuilder.append(Ljava/lang/String;)Ljava/lang/AbstractStringBuilder; @ 1

Internal exceptions (10 events):
Event: 0.452 Thread 0x000000002437f000 Exception <a 'java/security/PrivilegedActionException'> (0x0000000741283c78) thrown at [C:\re\workspace\8-2-build-windows-amd64-cygwin\jdk8u121\8372\hotspot\src\share\vm\prims\jvm.cpp, line 1390]
Event: 0.682 Thread 0x0000000023010800 Exception <a 'java/lang/ArrayIndexOutOfBoundsException'> (0x000000074276af58) thrown at [C:\re\workspace\8-2-build-windows-amd64-cygwin\jdk8u121\8372\hotspot\src\share\vm\runtime\sharedRuntime.cpp, line 605]
Event: 0.683 Thread 0x0000000023010800 Exception <a 'java/lang/ArrayIndexOutOfBoundsException'> (0x000000074276ba70) thrown at [C:\re\workspace\8-2-build-windows-amd64-cygwin\jdk8u121\8372\hotspot\src\share\vm\runtime\sharedRuntime.cpp, line 605]
Event: 0.683 Thread 0x0000000023010800 Exception <a 'java/lang/ArrayIndexOutOfBoundsException'> (0x000000074276ce18) thrown at [C:\re\workspace\8-2-build-windows-amd64-cygwin\jdk8u121\8372\hotspot\src\share\vm\runtime\sharedRuntime.cpp, line 605]
Event: 0.684 Thread 0x0000000023010800 Exception <a 'java/lang/ArrayIndexOutOfBoundsException'> (0x000000074276ebd8) thrown at [C:\re\workspace\8-2-build-windows-amd64-cygwin\jdk8u121\8372\hotspot\src\share\vm\runtime\sharedRuntime.cpp, line 605]
Event: 0.684 Thread 0x0000000023010800 Exception <a 'java/lang/ArrayIndexOutOfBoundsException'> (0x000000074276ff98) thrown at [C:\re\workspace\8-2-build-windows-amd64-cygwin\jdk8u121\8372\hotspot\src\share\vm\runtime\sharedRuntime.cpp, line 605]
Event: 0.708 Thread 0x0000000023010800 Exception <a 'sun/nio/fs/WindowsException'> (0x00000007427b7b10) thrown at [C:\re\workspace\8-2-build-windows-amd64-cygwin\jdk8u121\8372\hotspot\src\share\vm\prims\jni.cpp, line 709]
Event: 0.711 Thread 0x0000000023010800 Exception <a 'sun/nio/fs/WindowsException'> (0x00000007427b9b28) thrown at [C:\re\workspace\8-2-build-windows-amd64-cygwin\jdk8u121\8372\hotspot\src\share\vm\prims\jni.cpp, line 709]
Event: 0.718 Thread 0x0000000023010800 Implicit null exception at 0x000000000341d396 to 0x000000000341d73d
Event: 0.731 Thread 0x0000000024910000 Implicit null exception at 0x00000000033af696 to 0x00000000033afa35

Events (10 events):
Event: 0.790 loading class com/sun/javafx/css/converters/PaintConverter$Holder
Event: 0.790 loading class com/sun/javafx/css/converters/PaintConverter$Holder done
Event: 0.790 loading class com/sun/javafx/css/converters/PaintConverter
Event: 0.790 loading class com/sun/javafx/css/converters/PaintConverter done
Event: 0.790 loading class com/sun/javafx/css/Declaration
Event: 0.790 loading class com/sun/javafx/css/Declaration done
Event: 0.792 loading class com/sun/javafx/css/converters/URLConverter
Event: 0.792 loading class com/sun/javafx/css/converters/URLConverter done
Event: 0.793 loading class com/sun/javafx/css/converters/URLConverter$Holder
Event: 0.793 loading class com/sun/javafx/css/converters/URLConverter$Holder done


Dynamic libraries:
0x00007ff75cb20000 - 0x00007ff75cb57000 	C:\Program Files\Java\jre1.8.0_121\bin\javaw.exe
0x00007ffc2ef60000 - 0x00007ffc2f131000 	C:\Windows\SYSTEM32\ntdll.dll
0x00007ffc2e7c0000 - 0x00007ffc2e86c000 	C:\Windows\System32\KERNEL32.DLL
0x00007ffc2b970000 - 0x00007ffc2bb8d000 	C:\Windows\System32\KERNELBASE.dll
0x00007ffc2ecf0000 - 0x00007ffc2ed92000 	C:\Windows\System32\ADVAPI32.dll
0x00007ffc2eec0000 - 0x00007ffc2ef5e000 	C:\Windows\System32\msvcrt.dll
0x00007ffc2ea70000 - 0x00007ffc2eac9000 	C:\Windows\System32\sechost.dll
0x00007ffc2e5b0000 - 0x00007ffc2e6d1000 	C:\Windows\System32\RPCRT4.dll
0x00007ffc2e440000 - 0x00007ffc2e5a5000 	C:\Windows\System32\USER32.dll
0x00007ffc2bcf0000 - 0x00007ffc2bd0e000 	C:\Windows\System32\win32u.dll
0x00007ffc2e780000 - 0x00007ffc2e7b4000 	C:\Windows\System32\GDI32.dll
0x00007ffc2b7e0000 - 0x00007ffc2b962000 	C:\Windows\System32\gdi32full.dll
0x00007ffc28c60000 - 0x00007ffc28eda000 	C:\Windows\WinSxS\amd64_microsoft.windows.common-controls_6595b64144ccf1df_6.0.14393.953_none_42151e83c686086b\COMCTL32.dll
0x00007ffc2c9e0000 - 0x00007ffc2cca8000 	C:\Windows\System32\combase.dll
0x00007ffc2bd10000 - 0x00007ffc2be05000 	C:\Windows\System32\ucrtbase.dll
0x00007ffc2b450000 - 0x00007ffc2b4ba000 	C:\Windows\System32\bcryptPrimitives.dll
0x00007ffc2c500000 - 0x00007ffc2c52e000 	C:\Windows\System32\IMM32.DLL
0x00007ffc2b2a0000 - 0x00007ffc2b2fd000 	C:\Program Files\Citrix\System32\MfApHook64.dll
0x00007ffc2aa20000 - 0x00007ffc2aa4b000 	C:\Program Files\Citrix\ICAService\CtxDodHook64.dll
0x00007ffc2b1c0000 - 0x00007ffc2b1f2000 	C:\Program Files\Citrix\ICAService\picaFullScreenHookX64.dll
0x00007ffc2ad30000 - 0x00007ffc2ad66000 	C:\Program Files\Citrix\ICAService\ShellHook64.dll
0x00007ffc2e930000 - 0x00007ffc2ea68000 	C:\Windows\System32\ole32.dll
0x00007ffc2ccb0000 - 0x00007ffc2e1b8000 	C:\Windows\System32\SHELL32.dll
0x00007ffc2b790000 - 0x00007ffc2b7d2000 	C:\Windows\System32\cfgmgr32.dll
0x00007ffc2be10000 - 0x00007ffc2c4ea000 	C:\Windows\System32\windows.storage.dll
0x00007ffc2b400000 - 0x00007ffc2b44c000 	C:\Windows\System32\powrprof.dll
0x00007ffc2e1c0000 - 0x00007ffc2e212000 	C:\Windows\System32\shlwapi.dll
0x00007ffc2b3e0000 - 0x00007ffc2b3ef000 	C:\Windows\System32\kernel.appcore.dll
0x00007ffc2bc40000 - 0x00007ffc2bce9000 	C:\Windows\System32\shcore.dll
0x00007ffc2b3c0000 - 0x00007ffc2b3d4000 	C:\Windows\System32\profapi.dll
0x00007ffc2abb0000 - 0x00007ffc2ad29000 	C:\Program Files\Citrix\ICAService\SCardHook64.dll
0x00007ffc2ab20000 - 0x00007ffc2ab4a000 	C:\Program Files\Citrix\ICAService\cxinjime64.dll
0x00007ffc2aad0000 - 0x00007ffc2ab1d000 	C:\Program Files\Citrix\ICAService\PicaWtsHook64.dll
0x0000000050f50000 - 0x0000000051022000 	C:\Program Files\Java\jre1.8.0_121\bin\msvcr100.dll
0x0000000077760000 - 0x0000000077ffb000 	C:\Program Files\Java\jre1.8.0_121\bin\server\jvm.dll
0x00007ffc2c9d0000 - 0x00007ffc2c9d8000 	C:\Windows\System32\PSAPI.DLL
0x00007ffc230e0000 - 0x00007ffc23103000 	C:\Windows\SYSTEM32\WINMM.dll
0x00007ffc2b090000 - 0x00007ffc2b09a000 	C:\Windows\SYSTEM32\VERSION.dll
0x00007ffc11b70000 - 0x00007ffc11b79000 	C:\Windows\SYSTEM32\WSOCK32.dll
0x00007ffc2ec80000 - 0x00007ffc2ecea000 	C:\Windows\System32\WS2_32.dll
0x0000000002e30000 - 0x0000000002e5b000 	C:\Windows\SYSTEM32\WINMMBASE.dll
0x0000000052670000 - 0x000000005267f000 	C:\Program Files\Java\jre1.8.0_121\bin\verify.dll
0x0000000052640000 - 0x0000000052669000 	C:\Program Files\Java\jre1.8.0_121\bin\java.dll
0x0000000052620000 - 0x0000000052636000 	C:\Program Files\Java\jre1.8.0_121\bin\zip.dll
0x00007ffc0e8b0000 - 0x00007ffc0e99f000 	C:\Program Files\Java\jre1.8.0_121\bin\msvcr120.dll
0x00007ffc0b910000 - 0x00007ffc0b9b6000 	C:\Program Files\Java\jre1.8.0_121\bin\msvcp120.dll
0x0000000050f20000 - 0x0000000050f42000 	C:\Program Files\Java\jre1.8.0_121\bin\prism_d3d.dll
0x00007ffc25410000 - 0x00007ffc2559d000 	C:\Windows\system32\d3d9.dll
0x00007ffc25be0000 - 0x00007ffc25c06000 	C:\Windows\SYSTEM32\dwmapi.dll
0x00007ffc29340000 - 0x00007ffc293d5000 	C:\Windows\system32\uxtheme.dll
0x00007ffc242e0000 - 0x00007ffc2456d000 	C:\Windows\SYSTEM32\d3d10warp.dll
0x0000000050ed0000 - 0x0000000050f13000 	C:\Program Files\Java\jre1.8.0_121\bin\glass.dll
0x00007ffc2edc0000 - 0x00007ffc2eeba000 	C:\Windows\System32\COMDLG32.dll
0x00007ffc2e870000 - 0x00007ffc2e92f000 	C:\Windows\System32\OLEAUT32.dll
0x00007ffc2b4c0000 - 0x00007ffc2b55c000 	C:\Windows\System32\msvcp_win.dll
0x00007ffc2e2e0000 - 0x00007ffc2e43a000 	C:\Windows\System32\MSCTF.dll
0x0000000073e50000 - 0x0000000076223000 	C:\Program Files\Java\jre1.8.0_121\bin\jfxwebkit.dll
0x00000000512f0000 - 0x000000005130a000 	C:\Program Files\Java\jre1.8.0_121\bin\net.dll
0x00007ffc2a4d0000 - 0x00007ffc2a52c000 	C:\Windows\system32\mswsock.dll
0x00000000512d0000 - 0x00000000512e1000 	C:\Program Files\Java\jre1.8.0_121\bin\nio.dll
0x0000000050eb0000 - 0x0000000050ec4000 	C:\Program Files\Java\jre1.8.0_121\bin\javafx_font.dll
0x00007ffc0f730000 - 0x00007ffc0f999000 	C:\Windows\SYSTEM32\dwrite.dll

VM Arguments:
jvm_args: -Dfile.encoding=Cp1252 
java_command: com.consacresdeleternel.consacrebeamer.ConsacreBeamerApp
java_class_path (initial): C:\Program Files\Java\jre1.8.0_121\lib\resources.jar;C:\Program Files\Java\jre1.8.0_121\lib\rt.jar;C:\Program Files\Java\jre1.8.0_121\lib\jsse.jar;C:\Program Files\Java\jre1.8.0_121\lib\jce.jar;C:\Program Files\Java\jre1.8.0_121\lib\charsets.jar;C:\Program Files\Java\jre1.8.0_121\lib\jfr.jar;C:\Program Files\Java\jre1.8.0_121\lib\ext\access-bridge-64.jar;C:\Program Files\Java\jre1.8.0_121\lib\ext\cldrdata.jar;C:\Program Files\Java\jre1.8.0_121\lib\ext\dnsns.jar;C:\Program Files\Java\jre1.8.0_121\lib\ext\jaccess.jar;C:\Program Files\Java\jre1.8.0_121\lib\ext\jfxrt.jar;C:\Program Files\Java\jre1.8.0_121\lib\ext\localedata.jar;C:\Program Files\Java\jre1.8.0_121\lib\ext\nashorn.jar;C:\Program Files\Java\jre1.8.0_121\lib\ext\sunec.jar;C:\Program Files\Java\jre1.8.0_121\lib\ext\sunjce_provider.jar;C:\Program Files\Java\jre1.8.0_121\lib\ext\sunmscapi.jar;C:\Program Files\Java\jre1.8.0_121\lib\ext\sunpkcs11.jar;C:\Program Files\Java\jre1.8.0_121\lib\ext\zipfs.jar;P:\private\ConsacreBeamer\target\classes;C:\eclipse\plugins\org.eclipse.fx.ide.css.jfx8_3.0.0.201705220750.jar;P:\private\ConsacreBeamer\lib\fontawesomefx-8.0.1.jar;P:\Users\cedric.leumaleu\.m2\repository\org\controlsfx\controlsfx\8.40.12\controlsfx-8.40.12.jar;P:\Users\cedric.leumaleu\.m2\repository\org\apache\poi\poi-ooxml\3.17\poi-ooxml-3.17.jar;P:\Users\cedric.leumaleu\.m2\repository\org\apache\poi\poi\3.17\poi-3.17.jar;P:\Users\cedric.leumaleu\.m2\repository\commons-codec\commons-codec\1.10\commons-codec-1.10.jar;P:\Users\cedric.leumaleu\.m2\repository\org\apache\commons\commons-collections4\4.1\commons-collections4-4.1.jar;P:\Users\cedric.leumaleu\.m2\repository\org\apache\poi\poi-ooxml-schemas\3.17\poi-ooxml-schemas-3.17.jar;P:\Users\cedric.leumaleu\.m2\repository\org\apache\xmlbeans\xmlbeans\2.6.0\xmlbeans-2.6.0.jar;P:\Users\cedric.leumaleu\.m2\repository\stax\stax-api\1.0.1\stax-api-1.0.1.jar;P:\Users\cedric.leumaleu\.m2\repository\com\github\virtuald\curvesapi\1.04\curvesapi-1
Launcher Type: SUN_STANDARD

Environment Variables:
JAVA_HOME=C:\Program Files\Java\jdk1.8.0_121
PATH=C:/Program Files/Java/jre1.8.0_121/bin/server;C:/Program Files/Java/jre1.8.0_121/bin;C:/Program Files/Java/jre1.8.0_121/lib/amd64;C:\ProgramData\Oracle\Java\javapath;C:\Windows\system32;C:\Windows;C:\Windows\System32\Wbem;C:\Windows\System32\WindowsPowerShell\v1.0\;C:\Program Files\Citrix\System32\;C:\Program Files\Citrix\ICAService\;C:\Windows\SysWOW64\Empirum;C:\Program Files (x86)\Seapine\TestTrack;C:\Program Files\TortoiseSVN\bin;C:\Program Files\Git\cmd;C:\Program Files\Git\mingw64\bin;C:\Program Files\Git\usr\bin;C:\Program Files\SlikSvn\bin;C:\Program Files\apache-maven\3.5.3\bin;C:\Program Files\Java\jdk1.8.0_121\bin;P:\Users\cedric.leumaleu\AppData\Local\Microsoft\WindowsApps;;C:\eclipse;
USERNAME=cedric.leumaleu
OS=Windows_NT
PROCESSOR_IDENTIFIER=Intel64 Family 6 Model 63 Stepping 0, GenuineIntel



---------------  S Y S T E M  ---------------

OS: Windows 10.0 , 64 bit Build 14393 (10.0.14393.1198)

CPU:total 4 (2 cores per cpu, 1 threads per core) family 6 model 63 stepping 0, cmov, cx8, fxsr, mmx, sse, sse2, sse3, ssse3, sse4.1, sse4.2, popcnt, avx, avx2, aes, clmul, erms, lzcnt, tsc, tscinvbit, bmi1, bmi2

Memory: 4k page, physical 25165320k(4197448k free), swap 26213896k(4356k free)

vm_info: Java HotSpot(TM) 64-Bit Server VM (25.121-b13) for windows-amd64 JRE (1.8.0_121-b13), built on Dec 12 2016 18:21:36 by "java_re" with MS VC++ 10.0 (VS2010)

time: Thu Aug 16 15:20:46 2018
elapsed time: 0 seconds (0d 0h 0m 0s)

